from: ves

to: ves

id: 

amount: 4

from: dsh

to: btc

id: 

amount: 55

from: ves
to: ves
id: 
amount: 99


from: ves
to: ves
id: id1
amount: 50000


from: ves
to: ves
id: id1
amount: 50000


from: ves
to: ves
id: id1
amount: 50000


from: ves
to: ves
id: 
amount: 7400


from: ves
to: btc
id: 
amount: 100


from: usd
to: eur
id: id6
amount: 1002
whatsapp: 00000001


from: btc
to: eur
id: id6
amount: 5
whatsapp: 00000001


from: usd
to: btc
id: id6
amount: 2000
whatsapp: 00000001


from: ves
to: ves
id: id6
amount: 1
whatsapp: 00000001


from: ves
to: dsh
id: id6
amount: 111
whatsapp: 00000001


from: btc
to: eur
id: id6
amount: 500
whatsapp: 00000001


from: eur
to: btc
id: id6
amount: 1500
whatsapp: 00000001


from: eur
to: btc
id: id6
amount: 10000
whatsapp: 00000001


from: ves
to: ves
id: 
amount: 3000
whatsapp: +5804149467062


from: ves
to: ves
id: 
amount: 100
whatsapp: 2014949671


from: ves
to: ves
id: id1
amount: 100
whatsapp: +583023231232


from: ves
to: sol
id: id22
name: Mauricio Medina
amount: 100
whatsapp: 957459835


from: ves
to: ves
id: 
name: pedro navas
amount: 1000
whatsapp: +584163063080


from: ves
to: ves
id: 
name: Carem Santana
amount: 25
whatsapp: 04142483205


from: paypal
to: ves
id: 
name:   Angelo Crincoli
amount: 25
whatsapp: 4148583697


from: ves
to: ves
id: 
name: Javier Cordero
amount: 50
whatsapp: 04128092707


from: rub
to: btc
id: 
name: Abdul
amount: 5000
whatsapp: +8383883


from: paypal
to: ves
id: 
name: Maria
amount: 5
whatsapp: 9


from: paypal
to: ves
id: 
name: Cesar Arcaya
amount: 10
whatsapp: 04241082351


from: usd
to: ves
id: 
name: Walter Delgado
amount: 168
whatsapp: +584127354644


from: paypal
to: ves
id: 
name: Mendosa
amount: 10
whatsapp: 00584126051883


from: paypal
to: ves
id: 
name: Arturo Borges
amount: 39
whatsapp: +58 4163666765


from: usd
to: ves
id: 
name: Sergio Andrade 
amount: 20
whatsapp: +56998148259


from: ves
to: ves
id: 
name: Jessica Salazar
amount: 10
whatsapp: +584242342308


from: ves
to: ves
id: 
name: Rommel Escorihuela 
amount: 100
whatsapp: 04125507081


from: paypal
to: ves
id: 
name: jose
amount: 16
whatsapp: +584140956121


from: usd
to: ves
id: 
name: Luis Pacheco
amount: 20
whatsapp: 04144689309


from: usd
to: ves
id: 
name: Samuel Arteaga
amount: 5
whatsapp: 04144293573


from: paypal
to: ves
id: 
name: Dianetzy Mesa
amount: 20
whatsapp: 04142131665


from: usd
to: ves
id: 
name: Car
amount: 1
whatsapp: 5555555


from: paypal
to: ves
id: 
name: julio cruces carvallo
amount: 100
whatsapp: 4167545454


from: ves
to: ves
id: 
name: Cesar Blanco
amount: 15
whatsapp: 0584243279287


from: paypal
to: ves
id: 
name: pedro lenin rodriguez
amount: 5
whatsapp: 04121828831


from: usd
to: ves
id: 
name: José peña 
amount: 20
whatsapp: 04124504832


from: ves
to: ves
id: 
name: Eduardo
amount: 220
whatsapp: +573133637102


from: usd
to: ves
id: 
name: Luis Calderon Rivero
amount: 15
whatsapp: 04140265570


from: usd
to: ves
id: 
name: Luis Vicente Calderón
amount: 15
whatsapp: 04140265570


from: usd
to: ves
id: 
name: Luis Vicente Calderón
amount: 15
whatsapp: 4140265570


from: usd
to: ves
id: 
name: Luis Vicente Calderón
amount: 15
whatsapp: 4140265570


from: ves
to: ves
id: 
name: Josseilys del valle mejias 
amount: 100
whatsapp: 04268334182


from: paypal
to: ves
id: id73
name: Big Meech
amount: 150000000
whatsapp: +1BIGMEECH


from: paypal
to: ves
id: id73
name: Big Meech
amount: 150000000
whatsapp: +1BIGMEECH


from: paypal
to: ves
id: id73
name: Big Meech
amount: 150000000
whatsapp: +1BIGMEECH


from: paypal
to: ves
id: id73
name: Big Meech
amount: 150000000
whatsapp: +1BIGMEECH


from: ves
to: ves
id: 
name: Freddy Enrique Subero
amount: 10
whatsapp: 0058 4249266959


from: ves
to: ves
id: 
name: Raul
amount: 10000
whatsapp: 04145994826


from: ves
to: ves
id: 
name: Yosander 
amount: 51910189342
whatsapp: 51910189342


from: ves
to: ves
id: 
name: Josseilys del valle mejias 
amount: 50
whatsapp: 04268334182


from: paypal
to: ves
id: 
name:  Agustín Zamora 
amount: 8
whatsapp: +584163820495


from: paypal
to: ves
id: 
name: María torcates
amount: 10
whatsapp: 04161058428


from: ves
to: ves
id: 
name: Henry 
amount: 100000
whatsapp: 04123027070


from: ves
to: usd
id: 
name: Carlos
amount: 20870100
whatsapp: 984315714


from: usd
to: ves
id: 
name: José Oviedo 
amount: 1090
whatsapp: +58 4241919822


from: ves
to: ves
id: 
name: hddhs hshsh
amount: 100
whatsapp: 9006350009


from: paypal
to: ves
id: 
name: mauro maican
amount: 100
whatsapp: 04248678757


from: paypal
to: ves
id: 
name: Aaron Mundo
amount: 100
whatsapp: 4129246270


from: paypal
to: ves
id: 
name: Eduardo
amount: 100
whatsapp: 04126512380


